<?xml version="1.0" encoding="UTF-8"?>
<!-- Generated by org.testng.reporters.JUnitXMLReporter -->
<testsuite ignored="2" hostname="TYSS-Basavaraj" failures="1" tests="6" name="Test" time="160.981" errors="0" timestamp="2025-01-03T15:17:54 IST">
  <testcase classname="com.comcast.crm.contacttest.CreateContactTest" name="createContact" time="15.229"/>
  <testcase classname="com.comcast.crm.contacttest.CreateContactTest" name="createContactWithDate" time="15.953"/>
  <testcase classname="com.comcast.crm.contacttest.CreateContactTest" name="createContactWithOrg" time="28.639"/>
  <testcase classname="com.comcast.crm.orgtest.CreateOrgTest" name="createOrg" time="16.363">
    <failure type="java.lang.AssertionError" message="expected [FF] but found [FF_1967]">
      <![CDATA[java.lang.AssertionError: expected [FF] but found [FF_1967]
at com.comcast.crm.orgtest.CreateOrgTest.createOrg(CreateOrgTest.java:46)
at java.base/java.util.ArrayList.forEach(ArrayList.java:1511)
... Removed 33 stack frames]]>
    </failure>
  </testcase> <!-- createOrg -->
  <testcase classname="com.comcast.crm.orgtest.CreateOrgTest" name="createOrgWithIndustryAndType" time="15.811"/>
  <testcase classname="com.comcast.crm.orgtest.CreateOrgTest" name="createOrgWithPhoneNumber" time="15.28"/>
  <testcase classname="com.comcast.crm.basetest.BaseClass" name="@BeforeSuite configBS" time="0.0">
    <ignored/>
  </testcase> <!-- @BeforeSuite configBS -->
  <testcase classname="com.comcast.crm.basetest.BaseClass" name="@AfterSuite configAS" time="0.0">
    <ignored/>
  </testcase> <!-- @AfterSuite configAS -->
</testsuite> <!-- Test -->
