<?xml version="1.0" encoding="UTF-8"?>
<testng-results ignored="6" total="8" passed="1" failed="1" skipped="0">
  <reporter-output>
    <line>
      <![CDATA[Connect to DB]]>
    </line>
    <line>
      <![CDATA[Launch Browser]]>
    </line>
    <line>
      <![CDATA[Login to App]]>
    </line>
    <line>
      <![CDATA[successfully created Raj Contact]]>
    </line>
    <line>
      <![CDATA[Logout from app]]>
    </line>
    <line>
      <![CDATA[Close Browser]]>
    </line>
    <line>
      <![CDATA[Launch Browser]]>
    </line>
    <line>
      <![CDATA[Login to App]]>
    </line>
    <line>
      <![CDATA[Logout from app]]>
    </line>
    <line>
      <![CDATA[Close Browser]]>
    </line>
    <line>
      <![CDATA[Close DB connection]]>
    </line>
  </reporter-output>
  <suite started-at="2025-01-02T10:28:19 IST" name="Smoke Suite" finished-at="2025-01-02T10:29:09 IST" duration-ms="50387">
    <groups>
      <group name="smokeTest">
        <method signature="CreateContactTest.createContact()[pri:0, instance:com.comcast.crm.contacttest.CreateContactTest@53aac487]" name="createContact" class="com.comcast.crm.contacttest.CreateContactTest"/>
        <method signature="CreateOrgTest.createOrg()[pri:0, instance:com.comcast.crm.orgtest.CreateOrgTest@242b836]" name="createOrg" class="com.comcast.crm.orgtest.CreateOrgTest"/>
      </group> <!-- smokeTest -->
    </groups>
    <test started-at="2025-01-02T10:28:19 IST" name="Test" finished-at="2025-01-02T10:29:09 IST" duration-ms="50387">
      <class name="com.comcast.crm.contacttest.CreateContactTest">
        <test-method is-config="true" signature="configBS()[pri:0, instance:com.comcast.crm.contacttest.CreateContactTest@53aac487]" started-at="2025-01-02T10:28:18 IST" name="configBS" finished-at="2025-01-02T10:28:19 IST" duration-ms="370" status="PASS">
          <reporter-output>
            <line>
              <![CDATA[Connect to DB]]>
            </line>
          </reporter-output>
        </test-method> <!-- configBS -->
        <test-method is-config="true" signature="configBC()[pri:0, instance:com.comcast.crm.contacttest.CreateContactTest@53aac487]" started-at="2025-01-02T10:28:19 IST" name="configBC" finished-at="2025-01-02T10:28:22 IST" duration-ms="2925" status="PASS">
          <reporter-output>
            <line>
              <![CDATA[Launch Browser]]>
            </line>
          </reporter-output>
        </test-method> <!-- configBC -->
        <test-method is-config="true" signature="configBM()[pri:0, instance:com.comcast.crm.contacttest.CreateContactTest@53aac487]" started-at="2025-01-02T10:28:22 IST" name="configBM" finished-at="2025-01-02T10:28:27 IST" duration-ms="5380" status="PASS">
          <reporter-output>
            <line>
              <![CDATA[Login to App]]>
            </line>
          </reporter-output>
        </test-method> <!-- configBM -->
        <test-method signature="createContact()[pri:0, instance:com.comcast.crm.contacttest.CreateContactTest@53aac487]" started-at="2025-01-02T10:28:27 IST" name="createContact" finished-at="2025-01-02T10:28:42 IST" duration-ms="14804" status="PASS">
          <reporter-output>
            <line>
              <![CDATA[successfully created Raj Contact]]>
            </line>
          </reporter-output>
        </test-method> <!-- createContact -->
        <test-method is-config="true" signature="configAM()[pri:0, instance:com.comcast.crm.contacttest.CreateContactTest@53aac487]" started-at="2025-01-02T10:28:42 IST" name="configAM" finished-at="2025-01-02T10:28:45 IST" duration-ms="2541" status="PASS">
          <reporter-output>
            <line>
              <![CDATA[Logout from app]]>
            </line>
          </reporter-output>
        </test-method> <!-- configAM -->
        <test-method is-config="true" signature="configAC()[pri:0, instance:com.comcast.crm.contacttest.CreateContactTest@53aac487]" started-at="2025-01-02T10:28:45 IST" name="configAC" finished-at="2025-01-02T10:28:45 IST" duration-ms="295" status="PASS">
          <reporter-output>
            <line>
              <![CDATA[Close Browser]]>
            </line>
          </reporter-output>
        </test-method> <!-- configAC -->
        <test-method is-config="true" signature="configAS()[pri:0, instance:com.comcast.crm.contacttest.CreateContactTest@53aac487]" started-at="2025-01-02T10:29:10 IST" name="configAS" finished-at="2025-01-02T10:29:10 IST" duration-ms="16" status="PASS">
          <reporter-output>
            <line>
              <![CDATA[Close DB connection]]>
            </line>
          </reporter-output>
        </test-method> <!-- configAS -->
      </class> <!-- com.comcast.crm.contacttest.CreateContactTest -->
      <class name="com.comcast.crm.orgtest.CreateOrgTest">
        <test-method is-config="true" signature="configBC()[pri:0, instance:com.comcast.crm.orgtest.CreateOrgTest@242b836]" started-at="2025-01-02T10:28:45 IST" name="configBC" finished-at="2025-01-02T10:28:47 IST" duration-ms="1555" status="PASS">
          <reporter-output>
            <line>
              <![CDATA[Launch Browser]]>
            </line>
          </reporter-output>
        </test-method> <!-- configBC -->
        <test-method is-config="true" signature="configBM()[pri:0, instance:com.comcast.crm.orgtest.CreateOrgTest@242b836]" started-at="2025-01-02T10:28:47 IST" name="configBM" finished-at="2025-01-02T10:28:51 IST" duration-ms="4785" status="PASS">
          <reporter-output>
            <line>
              <![CDATA[Login to App]]>
            </line>
          </reporter-output>
        </test-method> <!-- configBM -->
        <test-method signature="createOrg()[pri:0, instance:com.comcast.crm.orgtest.CreateOrgTest@242b836]" started-at="2025-01-02T10:28:51 IST" name="createOrg" finished-at="2025-01-02T10:29:07 IST" duration-ms="15185" status="FAIL">
          <exception class="java.lang.AssertionError">
            <message>
              <![CDATA[expected [FF] but found [FF_1019]]]>
            </message>
            <full-stacktrace>
              <![CDATA[java.lang.AssertionError: expected [FF] but found [FF_1019]
at org.testng.Assert.fail(Assert.java:99)
at org.testng.Assert.failNotEquals(Assert.java:1037)
at org.testng.Assert.assertEqualsImpl(Assert.java:140)
at org.testng.Assert.assertEquals(Assert.java:122)
at org.testng.Assert.assertEquals(Assert.java:629)
at org.testng.Assert.assertEquals(Assert.java:639)
at com.comcast.crm.orgtest.CreateOrgTest.createOrg(CreateOrgTest.java:46)
at java.base/jdk.internal.reflect.NativeMethodAccessorImpl.invoke0(Native Method)
at java.base/jdk.internal.reflect.NativeMethodAccessorImpl.invoke(NativeMethodAccessorImpl.java:77)
at java.base/jdk.internal.reflect.DelegatingMethodAccessorImpl.invoke(DelegatingMethodAccessorImpl.java:43)
at java.base/java.lang.reflect.Method.invoke(Method.java:568)
at org.testng.internal.MethodInvocationHelper.invokeMethod(MethodInvocationHelper.java:133)
at org.testng.internal.TestInvoker.invokeMethod(TestInvoker.java:598)
at org.testng.internal.TestInvoker.invokeTestMethod(TestInvoker.java:173)
at org.testng.internal.MethodRunner.runInSequence(MethodRunner.java:46)
at org.testng.internal.TestInvoker$MethodInvocationAgent.invoke(TestInvoker.java:824)
at org.testng.internal.TestInvoker.invokeTestMethods(TestInvoker.java:146)
at org.testng.internal.TestMethodWorker.invokeTestMethods(TestMethodWorker.java:146)
at org.testng.internal.TestMethodWorker.run(TestMethodWorker.java:128)
at java.base/java.util.ArrayList.forEach(ArrayList.java:1511)
at org.testng.TestRunner.privateRun(TestRunner.java:794)
at org.testng.TestRunner.run(TestRunner.java:596)
at org.testng.SuiteRunner.runTest(SuiteRunner.java:377)
at org.testng.SuiteRunner.runSequentially(SuiteRunner.java:371)
at org.testng.SuiteRunner.privateRun(SuiteRunner.java:332)
at org.testng.SuiteRunner.run(SuiteRunner.java:276)
at org.testng.SuiteRunnerWorker.runSuite(SuiteRunnerWorker.java:53)
at org.testng.SuiteRunnerWorker.run(SuiteRunnerWorker.java:96)
at org.testng.TestNG.runSuitesSequentially(TestNG.java:1212)
at org.testng.TestNG.runSuitesLocally(TestNG.java:1134)
at org.testng.TestNG.runSuites(TestNG.java:1063)
at org.testng.TestNG.run(TestNG.java:1031)
at org.testng.remote.AbstractRemoteTestNG.run(AbstractRemoteTestNG.java:115)
at org.testng.remote.RemoteTestNG.initAndRun(RemoteTestNG.java:293)
at org.testng.remote.RemoteTestNG.main(RemoteTestNG.java:91)
]]>
            </full-stacktrace>
          </exception> <!-- java.lang.AssertionError -->
          <reporter-output>
          </reporter-output>
        </test-method> <!-- createOrg -->
        <test-method is-config="true" signature="configAM()[pri:0, instance:com.comcast.crm.orgtest.CreateOrgTest@242b836]" started-at="2025-01-02T10:29:07 IST" name="configAM" finished-at="2025-01-02T10:29:09 IST" duration-ms="2105" status="PASS">
          <reporter-output>
            <line>
              <![CDATA[Logout from app]]>
            </line>
          </reporter-output>
        </test-method> <!-- configAM -->
        <test-method is-config="true" signature="configAC()[pri:0, instance:com.comcast.crm.orgtest.CreateOrgTest@242b836]" started-at="2025-01-02T10:29:09 IST" name="configAC" finished-at="2025-01-02T10:29:09 IST" duration-ms="253" status="PASS">
          <reporter-output>
            <line>
              <![CDATA[Close Browser]]>
            </line>
          </reporter-output>
        </test-method> <!-- configAC -->
      </class> <!-- com.comcast.crm.orgtest.CreateOrgTest -->
    </test> <!-- Test -->
  </suite> <!-- Smoke Suite -->
</testng-results>
